[0m13:24:26.663199 [debug] [MainThread]: Sending event: {'category': 'dbt', 'action': 'invocation', 'label': 'start', 'context': [<snowplow_tracker.self_describing_json.SelfDescribingJson object at 0x000001E2E8985550>, <snowplow_tracker.self_describing_json.SelfDescribingJson object at 0x000001E2E6B11090>, <snowplow_tracker.self_describing_json.SelfDescribingJson object at 0x000001E2E9A93ED0>]}


============================== 13:24:26.668216 | 74af2070-a424-4c59-a69a-36267f7e3908 ==============================
[0m13:24:26.668216 [info ] [MainThread]: Running with dbt=1.9.2
[0m13:24:26.669268 [debug] [MainThread]: running dbt with arguments {'printer_width': '80', 'indirect_selection': 'eager', 'write_json': 'True', 'log_cache_events': 'False', 'partial_parse': 'True', 'cache_selected_only': 'False', 'warn_error': 'None', 'version_check': 'True', 'fail_fast': 'False', 'log_path': 'logs', 'debug': 'False', 'profiles_dir': 'C:\\Users\\sourmukh\\.dbt', 'use_colors': 'True', 'use_experimental_parser': 'False', 'empty': 'None', 'quiet': 'False', 'no_print': 'None', 'warn_error_options': 'WarnErrorOptions(include=[], exclude=[])', 'introspect': 'True', 'invocation_command': 'dbt init jaffle_shop', 'log_format': 'default', 'target_path': 'None', 'static_parser': 'True', 'send_anonymous_usage_stats': 'True'}
[0m13:24:26.685714 [warn ] [MainThread]: [ConfigFolderDirectory]: Unable to parse logging event dictionary. Failed to parse dir field: expected string or bytes-like object, got 'WindowsPath'.. Dictionary: {'dir': WindowsPath('C:/Users/sourmukh/.dbt')}
[0m13:24:26.686413 [info ] [MainThread]: Creating dbt configuration folder at 
[0m13:24:26.688614 [debug] [MainThread]: Starter project path: C:\Users\sourmukh\dbt_tutorial\env\Lib\site-packages\dbt\include\starter_project
[0m13:24:26.708829 [info ] [MainThread]: 
Your new dbt project "jaffle_shop" was created!

For more information on how to configure the profiles.yml file,
please consult the dbt documentation here:

  https://docs.getdbt.com/docs/configure-your-profile

One more thing:

Need help? Don't hesitate to reach out to us via GitHub issues or on Slack:

  https://community.getdbt.com/

Happy modeling!

[0m13:24:26.709881 [info ] [MainThread]: Setting up your profile.
[0m13:31:58.276248 [info ] [MainThread]: Profile jaffle_shop written to C:\Users\sourmukh\.dbt\profiles.yml using target's profile_template.yml and your supplied values. Run 'dbt debug' to validate the connection.
[0m13:31:58.278646 [debug] [MainThread]: Command `dbt init` succeeded at 13:31:58.278457 after 451.78 seconds
[0m13:31:58.279143 [debug] [MainThread]: Sending event: {'category': 'dbt', 'action': 'invocation', 'label': 'end', 'context': [<snowplow_tracker.self_describing_json.SelfDescribingJson object at 0x000001E2EA739810>, <snowplow_tracker.self_describing_json.SelfDescribingJson object at 0x000001E2EA1B2570>, <snowplow_tracker.self_describing_json.SelfDescribingJson object at 0x000001E2EA637BD0>]}
[0m13:31:58.279669 [debug] [MainThread]: Flushing usage events
[0m13:32:00.099426 [debug] [MainThread]: An error was encountered while trying to flush usage events
[0m13:33:23.077017 [debug] [MainThread]: Sending event: {'category': 'dbt', 'action': 'invocation', 'label': 'start', 'context': [<snowplow_tracker.self_describing_json.SelfDescribingJson object at 0x0000026BD0D25550>, <snowplow_tracker.self_describing_json.SelfDescribingJson object at 0x0000026BCEEDD090>, <snowplow_tracker.self_describing_json.SelfDescribingJson object at 0x0000026BD1E33ED0>]}


============================== 13:33:23.082644 | a0ff1814-7c18-4fef-a8bd-0c18c19257ef ==============================
[0m13:33:23.082644 [info ] [MainThread]: Running with dbt=1.9.2
[0m13:33:23.083722 [debug] [MainThread]: running dbt with arguments {'printer_width': '80', 'indirect_selection': 'eager', 'write_json': 'True', 'log_cache_events': 'False', 'partial_parse': 'True', 'cache_selected_only': 'False', 'profiles_dir': 'C:\\Users\\sourmukh\\.dbt', 'fail_fast': 'False', 'debug': 'False', 'log_path': 'logs', 'version_check': 'True', 'warn_error': 'None', 'use_colors': 'True', 'use_experimental_parser': 'False', 'empty': 'None', 'quiet': 'False', 'no_print': 'None', 'log_format': 'default', 'invocation_command': 'dbt init jaffle_shop', 'warn_error_options': 'WarnErrorOptions(include=[], exclude=[])', 'static_parser': 'True', 'target_path': 'None', 'introspect': 'True', 'send_anonymous_usage_stats': 'True'}
[0m13:33:23.102794 [info ] [MainThread]: A project called jaffle_shop already exists here.
[0m13:33:23.104163 [debug] [MainThread]: Command `dbt init` succeeded at 13:33:23.104043 after 0.21 seconds
[0m13:33:23.104439 [debug] [MainThread]: Sending event: {'category': 'dbt', 'action': 'invocation', 'label': 'end', 'context': [<snowplow_tracker.self_describing_json.SelfDescribingJson object at 0x0000026BD1E5E2C0>, <snowplow_tracker.self_describing_json.SelfDescribingJson object at 0x0000026BD1EC67B0>, <snowplow_tracker.self_describing_json.SelfDescribingJson object at 0x0000026BD1CED8C0>]}
[0m13:33:23.104712 [debug] [MainThread]: Flushing usage events
[0m13:33:24.204818 [debug] [MainThread]: An error was encountered while trying to flush usage events
[0m13:34:39.376291 [debug] [MainThread]: Sending event: {'category': 'dbt', 'action': 'invocation', 'label': 'start', 'context': [<snowplow_tracker.self_describing_json.SelfDescribingJson object at 0x000001AFD1F75550>, <snowplow_tracker.self_describing_json.SelfDescribingJson object at 0x000001AFD014D090>, <snowplow_tracker.self_describing_json.SelfDescribingJson object at 0x000001AFD3083ED0>]}


============================== 13:34:39.380053 | 721b37f9-e17f-4204-a6b9-124d8754b2e8 ==============================
[0m13:34:39.380053 [info ] [MainThread]: Running with dbt=1.9.2
[0m13:34:39.380937 [debug] [MainThread]: running dbt with arguments {'printer_width': '80', 'indirect_selection': 'eager', 'write_json': 'True', 'log_cache_events': 'False', 'partial_parse': 'True', 'cache_selected_only': 'False', 'warn_error': 'None', 'debug': 'False', 'version_check': 'True', 'log_path': 'logs', 'fail_fast': 'False', 'profiles_dir': 'C:\\Users\\sourmukh\\.dbt', 'use_colors': 'True', 'use_experimental_parser': 'False', 'empty': 'None', 'quiet': 'False', 'no_print': 'None', 'warn_error_options': 'WarnErrorOptions(include=[], exclude=[])', 'invocation_command': 'dbt init jaffle_shop', 'static_parser': 'True', 'log_format': 'default', 'target_path': 'None', 'introspect': 'True', 'send_anonymous_usage_stats': 'True'}
[0m13:34:39.396962 [debug] [MainThread]: Starter project path: C:\Users\sourmukh\dbt_tutorial\env\Lib\site-packages\dbt\include\starter_project
[0m13:34:39.416521 [info ] [MainThread]: 
Your new dbt project "jaffle_shop" was created!

For more information on how to configure the profiles.yml file,
please consult the dbt documentation here:

  https://docs.getdbt.com/docs/configure-your-profile

One more thing:

Need help? Don't hesitate to reach out to us via GitHub issues or on Slack:

  https://community.getdbt.com/

Happy modeling!

[0m13:34:39.417735 [info ] [MainThread]: Setting up your profile.
[0m13:36:02.138211 [info ] [MainThread]: Profile jaffle_shop written to C:\Users\sourmukh\.dbt\profiles.yml using target's profile_template.yml and your supplied values. Run 'dbt debug' to validate the connection.
[0m13:36:02.140416 [debug] [MainThread]: Command `dbt init` succeeded at 13:36:02.140283 after 82.95 seconds
[0m13:36:02.140770 [debug] [MainThread]: Sending event: {'category': 'dbt', 'action': 'invocation', 'label': 'end', 'context': [<snowplow_tracker.self_describing_json.SelfDescribingJson object at 0x000001AFD4C5D5B0>, <snowplow_tracker.self_describing_json.SelfDescribingJson object at 0x000001AFD31169F0>, <snowplow_tracker.self_describing_json.SelfDescribingJson object at 0x000001AFD3B87BD0>]}
[0m13:36:02.141143 [debug] [MainThread]: Flushing usage events
[0m13:36:03.273233 [debug] [MainThread]: An error was encountered while trying to flush usage events
